Run directory: /home/omo26/Non-Rev-Owen/mcmaze/runs/20260705_185947_d256_h64_dep1_bs64_ep200_lr1e-03_lxp0.0_lbt0.0_lcca0.0_sig10.0_s1
Loading MC_Maze data …
  Channels: 137  |  Bin width: 10 ms  |  Trials: 2295
  Gaussian smoothing sigma: 10.0 ms = 1 bins
  Soft-normalising per neuron (method='churchland')
Windowing (trial_aligned, align=move_onset_time, pre=200ms, T=90) …
  Windows shape: (2295, 137, 90)  (K, N, T)
  Train: 1721  |  Val: 574  (dataset split column)
Model parameters: 156,710

Starting training for 200 epochs …

Epoch   1/200  train loss=-0.1638  val loss=-0.4365  S[mean]=0.4365  reg=0.0000  λscale=1.00  lr=9.76e-04
Epoch  10/200  train loss=-0.7871  val loss=-0.7861  S[mean]=0.7861  reg=0.0000  λscale=1.00  lr=1.00e-03
Epoch  20/200  train loss=-0.8154  val loss=-0.8102  S[mean]=0.8102  reg=0.0000  λscale=1.00  lr=5.00e-04
Epoch  30/200  train loss=-0.8190  val loss=-0.8112  S[mean]=0.8112  reg=0.0000  λscale=1.00  lr=1.00e-03
Epoch  40/200  train loss=-0.8199  val loss=-0.8141  S[mean]=0.8141  reg=0.0000  λscale=1.00  lr=8.54e-04
Epoch  50/200  train loss=-0.8231  val loss=-0.8156  S[mean]=0.8156  reg=0.0000  λscale=1.00  lr=5.00e-04
Epoch  60/200  train loss=-0.8244  val loss=-0.8160  S[mean]=0.8160  reg=0.0000  λscale=1.00  lr=1.46e-04
Epoch  70/200  train loss=-0.8252  val loss=-0.8161  S[mean]=0.8161  reg=0.0000  λscale=1.00  lr=1.00e-03
Epoch  80/200  train loss=-0.8229  val loss=-0.8157  S[mean]=0.8157  reg=0.0000  λscale=1.00  lr=9.62e-04
Epoch  90/200  train loss=-0.8226  val loss=-0.8165  S[mean]=0.8165  reg=0.0000  λscale=1.00  lr=8.54e-04
Epoch 100/200  train loss=-0.8247  val loss=-0.8169  S[mean]=0.8169  reg=0.0000  λscale=1.00  lr=6.91e-04
Epoch 110/200  train loss=-0.8250  val loss=-0.8177  S[mean]=0.8177  reg=0.0000  λscale=1.00  lr=5.00e-04
Epoch 120/200  train loss=-0.8257  val loss=-0.8177  S[mean]=0.8177  reg=0.0000  λscale=1.00  lr=3.09e-04
Epoch 130/200  train loss=-0.8258  val loss=-0.8177  S[mean]=0.8177  reg=0.0000  λscale=1.00  lr=1.46e-04
Epoch 140/200  train loss=-0.8261  val loss=-0.8178  S[mean]=0.8178  reg=0.0000  λscale=1.00  lr=3.81e-05
Epoch 150/200  train loss=-0.8267  val loss=-0.8178  S[mean]=0.8178  reg=0.0000  λscale=1.00  lr=1.00e-03
Epoch 160/200  train loss=-0.8242  val loss=-0.8171  S[mean]=0.8171  reg=0.0000  λscale=1.00  lr=9.90e-04
Epoch 170/200  train loss=-0.8237  val loss=-0.8177  S[mean]=0.8177  reg=0.0000  λscale=1.00  lr=9.62e-04
Epoch 180/200  train loss=-0.8245  val loss=-0.8182  S[mean]=0.8182  reg=0.0000  λscale=1.00  lr=9.16e-04
Epoch 190/200  train loss=-0.8253  val loss=-0.8184  S[mean]=0.8184  reg=0.0000  λscale=1.00  lr=8.54e-04
Epoch 200/200  train loss=-0.8253  val loss=-0.8183  S[mean]=0.8183  reg=0.0000  λscale=1.00  lr=7.78e-04

==================================================
Training complete
  Final train loss    : -0.8253
  Best val loss       : -0.8186
  Wall-clock time     : 81.1 s  (1.4 min)
  Checkpoint          : /home/omo26/Non-Rev-Owen/mcmaze/runs/20260705_185947_d256_h64_dep1_bs64_ep200_lr1e-03_lxp0.0_lbt0.0_lcca0.0_sig10.0_s1/checkpoints/best.pt
  Loss curve          : '/home/omo26/Non-Rev-Owen/mcmaze/runs/20260705_185947_d256_h64_dep1_bs64_ep200_lr1e-03_lxp0.0_lbt0.0_lcca0.0_sig10.0_s1/outputs/loss_curve.png'
==================================================

Skipping diagnostic plots because SKIP_DIAGNOSTICS=1.
