Using run: /home/omo26/Non-Rev-Owen/mcmaze/runs/20260713_092447_d1024_h2_dep2_bs64_ep80_lr1e-03_lxp0.0_lbt0.0_lcca1.0_sig10.0_s1
Loaded checkpoint from epoch 36
Loading MC Maze data and computing neural windows...
Trials: train=1721 val=574  window=90 bins
Loading hand velocity and building future targets...
Target: hand_vel +100 ms (10 bins), units=stored NWB values
Valid future samples: 206,550/206,550
Computing frozen hidden features on cuda...
Decoder samples: train=154,890 val=51,660  features=d2
Training linear regression decoder...
Training MLP decoder...
MLP epoch   1/50  train mse(z)=1.0125  val mse(z)=0.9843
MLP epoch   2/50  train mse(z)=0.9946  val mse(z)=0.9810
MLP epoch   3/50  train mse(z)=0.9931  val mse(z)=0.9804
MLP epoch   4/50  train mse(z)=0.9911  val mse(z)=0.9806
MLP epoch   5/50  train mse(z)=0.9907  val mse(z)=0.9802
MLP epoch   6/50  train mse(z)=0.9900  val mse(z)=0.9803
MLP epoch   7/50  train mse(z)=0.9896  val mse(z)=0.9802
MLP epoch   8/50  train mse(z)=0.9886  val mse(z)=0.9801
MLP epoch   9/50  train mse(z)=0.9881  val mse(z)=0.9805
MLP epoch  10/50  train mse(z)=0.9876  val mse(z)=0.9806
MLP epoch  11/50  train mse(z)=0.9871  val mse(z)=0.9800
MLP epoch  12/50  train mse(z)=0.9870  val mse(z)=0.9799
MLP epoch  13/50  train mse(z)=0.9871  val mse(z)=0.9800
MLP epoch  14/50  train mse(z)=0.9865  val mse(z)=0.9799
MLP epoch  15/50  train mse(z)=0.9867  val mse(z)=0.9800
MLP epoch  16/50  train mse(z)=0.9863  val mse(z)=0.9797
MLP epoch  17/50  train mse(z)=0.9859  val mse(z)=0.9798
MLP epoch  18/50  train mse(z)=0.9863  val mse(z)=0.9795
MLP epoch  19/50  train mse(z)=0.9859  val mse(z)=0.9795
MLP epoch  20/50  train mse(z)=0.9859  val mse(z)=0.9797
MLP epoch  21/50  train mse(z)=0.9858  val mse(z)=0.9803
MLP epoch  22/50  train mse(z)=0.9857  val mse(z)=0.9797
MLP epoch  23/50  train mse(z)=0.9861  val mse(z)=0.9795
MLP epoch  24/50  train mse(z)=0.9859  val mse(z)=0.9795
MLP epoch  25/50  train mse(z)=0.9856  val mse(z)=0.9799
MLP epoch  26/50  train mse(z)=0.9859  val mse(z)=0.9798
MLP epoch  27/50  train mse(z)=0.9854  val mse(z)=0.9796
MLP epoch  28/50  train mse(z)=0.9857  val mse(z)=0.9801
MLP epoch  29/50  train mse(z)=0.9859  val mse(z)=0.9795
MLP epoch  30/50  train mse(z)=0.9856  val mse(z)=0.9799
MLP epoch  31/50  train mse(z)=0.9855  val mse(z)=0.9796
MLP epoch  32/50  train mse(z)=0.9855  val mse(z)=0.9800
MLP epoch  33/50  train mse(z)=0.9855  val mse(z)=0.9798
MLP epoch  34/50  train mse(z)=0.9857  val mse(z)=0.9796
MLP epoch  35/50  train mse(z)=0.9855  val mse(z)=0.9796
MLP epoch  36/50  train mse(z)=0.9854  val mse(z)=0.9797
MLP epoch  37/50  train mse(z)=0.9855  val mse(z)=0.9796
MLP epoch  38/50  train mse(z)=0.9856  val mse(z)=0.9799
MLP epoch  39/50  train mse(z)=0.9857  val mse(z)=0.9799
MLP epoch  40/50  train mse(z)=0.9853  val mse(z)=0.9795
MLP epoch  41/50  train mse(z)=0.9852  val mse(z)=0.9800
MLP epoch  42/50  train mse(z)=0.9853  val mse(z)=0.9800
MLP epoch  43/50  train mse(z)=0.9856  val mse(z)=0.9796
MLP epoch  44/50  train mse(z)=0.9854  val mse(z)=0.9796
MLP epoch  45/50  train mse(z)=0.9856  val mse(z)=0.9796
MLP epoch  46/50  train mse(z)=0.9852  val mse(z)=0.9802
MLP epoch  47/50  train mse(z)=0.9854  val mse(z)=0.9797
MLP epoch  48/50  train mse(z)=0.9855  val mse(z)=0.9795
MLP epoch  49/50  train mse(z)=0.9854  val mse(z)=0.9796
MLP epoch  50/50  train mse(z)=0.9854  val mse(z)=0.9796
Saved decoder loss curve: /home/omo26/Non-Rev-Owen/mcmaze/runs/20260713_092447_d1024_h2_dep2_bs64_ep80_lr1e-03_lxp0.0_lbt0.0_lcca1.0_sig10.0_s1/outputs/velocity_prediction_100ms_hidden/mlp_loss_curve.png
Saved decoder loss log: /home/omo26/Non-Rev-Owen/mcmaze/runs/20260713_092447_d1024_h2_dep2_bs64_ep80_lr1e-03_lxp0.0_lbt0.0_lcca1.0_sig10.0_s1/outputs/velocity_prediction_100ms_hidden/mlp_loss_curve.csv
Saved metrics: /home/omo26/Non-Rev-Owen/mcmaze/runs/20260713_092447_d1024_h2_dep2_bs64_ep80_lr1e-03_lxp0.0_lbt0.0_lcca1.0_sig10.0_s1/outputs/velocity_prediction_100ms_hidden/metrics.csv
Skipping decoder prediction scatter because prediction plots are disabled.
Saved MLP decoder: /home/omo26/Non-Rev-Owen/mcmaze/runs/20260713_092447_d1024_h2_dep2_bs64_ep80_lr1e-03_lxp0.0_lbt0.0_lcca1.0_sig10.0_s1/outputs/velocity_prediction_100ms_hidden/mlp_decoder.pt

Validation metrics:
  linear_regression  R2 mean=0.0079  RMSE mean=241.3698  corr x/y=0.102/0.075
  mlp                R2 mean=0.0157  RMSE mean=240.3914  corr x/y=0.142/0.109
