Run directory: /home/omo26/Non-Rev-Owen/mcmaze/runs/20260713_092302_d512_h2_dep2_bs64_ep80_lr1e-03_lxp0.0_lbt0.0_lcca1.0_sig10.0_s1
Loading MC_Maze data …
  Channels: 137  |  Bin width: 10 ms  |  Trials: 2295
  Gaussian smoothing sigma: 10.0 ms = 1 bins
  Soft-normalising per neuron (method='churchland')
Windowing (trial_aligned, align=move_onset_time, pre=200ms, T=90) …
  Windows shape: (2295, 137, 90)  (K, N, T)
  Train: 1721  |  Val: 574  (dataset split column)
Model parameters: 18,804

Starting training for 80 epochs …

Epoch   1/80  train loss=0.6622  val loss=-0.0000  S[mean]=0.0000  ζ=0.0000  reg=0.0000  λscale=1.00  lr=9.76e-04
Epoch  10/80  train loss=0.0290  val loss=-0.0000  S[mean]=0.0000  ζ=0.0000  reg=0.0000  λscale=1.00  lr=1.00e-03
Epoch  20/80  train loss=-0.0030  val loss=-0.0000  S[mean]=0.0000  ζ=0.0000  reg=0.0000  λscale=1.00  lr=5.00e-04
Epoch  30/80  train loss=-0.0062  val loss=-0.0000  S[mean]=0.0000  ζ=0.0000  reg=0.0000  λscale=1.00  lr=1.00e-03
Epoch  40/80  train loss=-0.0092  val loss=-0.0000  S[mean]=0.0000  ζ=0.0000  reg=0.0000  λscale=1.00  lr=8.54e-04
Epoch  50/80  train loss=-0.0098  val loss=-0.0000  S[mean]=0.0000  ζ=0.0000  reg=0.0000  λscale=1.00  lr=5.00e-04
Epoch  60/80  train loss=-0.0098  val loss=-0.0000  S[mean]=0.0000  ζ=0.0000  reg=0.0000  λscale=1.00  lr=1.46e-04
Epoch  70/80  train loss=-0.0098  val loss=-0.0000  S[mean]=0.0000  ζ=0.0000  reg=0.0000  λscale=1.00  lr=1.00e-03
Epoch  80/80  train loss=-0.0112  val loss=-0.0000  S[mean]=0.0000  ζ=0.0000  reg=0.0000  λscale=1.00  lr=9.62e-04

==================================================
Training complete
  Final train loss    : -0.0112
  Best val ζ          : 0.0000
  Val loss at best ζ  : -0.0000
  Wall-clock time     : 71.7 s  (1.2 min)
  Checkpoint          : /home/omo26/Non-Rev-Owen/mcmaze/runs/20260713_092302_d512_h2_dep2_bs64_ep80_lr1e-03_lxp0.0_lbt0.0_lcca1.0_sig10.0_s1/checkpoints/best.pt
  Loss curve          : '/home/omo26/Non-Rev-Owen/mcmaze/runs/20260713_092302_d512_h2_dep2_bs64_ep80_lr1e-03_lxp0.0_lbt0.0_lcca1.0_sig10.0_s1/outputs/loss_curve.png'
==================================================

Skipping diagnostic plots because SKIP_DIAGNOSTICS=1.
