Using run: /home/omo26/Non-Rev-Owen/mcmaze/runs/20260713_092001_d64_h2_dep2_bs64_ep80_lr1e-03_lxp0.0_lbt0.0_lcca1.0_sig10.0_s1
Loaded checkpoint from epoch 54
Loading MC Maze data and computing neural windows...
Trials: train=1721 val=574  window=90 bins
Loading hand velocity and building future targets...
Target: hand_vel +100 ms (10 bins), units=stored NWB values
Valid future samples: 206,550/206,550
Computing frozen hidden features on cuda...
Decoder samples: train=154,890 val=51,660  features=d2
Training linear regression decoder...
Training MLP decoder...
MLP epoch   1/50  train mse(z)=1.0150  val mse(z)=0.9946
MLP epoch   2/50  train mse(z)=1.0048  val mse(z)=0.9932
MLP epoch   3/50  train mse(z)=1.0033  val mse(z)=0.9927
MLP epoch   4/50  train mse(z)=1.0013  val mse(z)=0.9920
MLP epoch   5/50  train mse(z)=0.9997  val mse(z)=0.9909
MLP epoch   6/50  train mse(z)=0.9986  val mse(z)=0.9902
MLP epoch   7/50  train mse(z)=0.9981  val mse(z)=0.9897
MLP epoch   8/50  train mse(z)=0.9967  val mse(z)=0.9898
MLP epoch   9/50  train mse(z)=0.9962  val mse(z)=0.9893
MLP epoch  10/50  train mse(z)=0.9958  val mse(z)=0.9888
MLP epoch  11/50  train mse(z)=0.9953  val mse(z)=0.9886
MLP epoch  12/50  train mse(z)=0.9950  val mse(z)=0.9884
MLP epoch  13/50  train mse(z)=0.9949  val mse(z)=0.9881
MLP epoch  14/50  train mse(z)=0.9944  val mse(z)=0.9880
MLP epoch  15/50  train mse(z)=0.9943  val mse(z)=0.9877
MLP epoch  16/50  train mse(z)=0.9941  val mse(z)=0.9877
MLP epoch  17/50  train mse(z)=0.9938  val mse(z)=0.9877
MLP epoch  18/50  train mse(z)=0.9942  val mse(z)=0.9875
MLP epoch  19/50  train mse(z)=0.9936  val mse(z)=0.9874
MLP epoch  20/50  train mse(z)=0.9933  val mse(z)=0.9874
MLP epoch  21/50  train mse(z)=0.9934  val mse(z)=0.9879
MLP epoch  22/50  train mse(z)=0.9932  val mse(z)=0.9874
MLP epoch  23/50  train mse(z)=0.9938  val mse(z)=0.9875
MLP epoch  24/50  train mse(z)=0.9933  val mse(z)=0.9873
MLP epoch  25/50  train mse(z)=0.9932  val mse(z)=0.9875
MLP epoch  26/50  train mse(z)=0.9934  val mse(z)=0.9872
MLP epoch  27/50  train mse(z)=0.9929  val mse(z)=0.9872
MLP epoch  28/50  train mse(z)=0.9931  val mse(z)=0.9880
MLP epoch  29/50  train mse(z)=0.9934  val mse(z)=0.9875
MLP epoch  30/50  train mse(z)=0.9930  val mse(z)=0.9879
MLP epoch  31/50  train mse(z)=0.9931  val mse(z)=0.9875
MLP epoch  32/50  train mse(z)=0.9930  val mse(z)=0.9876
MLP epoch  33/50  train mse(z)=0.9930  val mse(z)=0.9876
MLP epoch  34/50  train mse(z)=0.9932  val mse(z)=0.9874
MLP epoch  35/50  train mse(z)=0.9930  val mse(z)=0.9872
MLP epoch  36/50  train mse(z)=0.9929  val mse(z)=0.9873
MLP epoch  37/50  train mse(z)=0.9929  val mse(z)=0.9873
MLP epoch  38/50  train mse(z)=0.9932  val mse(z)=0.9872
MLP epoch  39/50  train mse(z)=0.9929  val mse(z)=0.9871
MLP epoch  40/50  train mse(z)=0.9928  val mse(z)=0.9872
MLP epoch  41/50  train mse(z)=0.9927  val mse(z)=0.9878
MLP epoch  42/50  train mse(z)=0.9929  val mse(z)=0.9871
MLP epoch  43/50  train mse(z)=0.9929  val mse(z)=0.9873
MLP epoch  44/50  train mse(z)=0.9928  val mse(z)=0.9876
MLP epoch  45/50  train mse(z)=0.9929  val mse(z)=0.9873
MLP epoch  46/50  train mse(z)=0.9926  val mse(z)=0.9875
MLP epoch  47/50  train mse(z)=0.9927  val mse(z)=0.9873
MLP epoch  48/50  train mse(z)=0.9929  val mse(z)=0.9871
MLP epoch  49/50  train mse(z)=0.9928  val mse(z)=0.9873
MLP epoch  50/50  train mse(z)=0.9928  val mse(z)=0.9871
Saved decoder loss curve: /home/omo26/Non-Rev-Owen/mcmaze/runs/20260713_092001_d64_h2_dep2_bs64_ep80_lr1e-03_lxp0.0_lbt0.0_lcca1.0_sig10.0_s1/outputs/velocity_prediction_100ms_hidden/mlp_loss_curve.png
Saved decoder loss log: /home/omo26/Non-Rev-Owen/mcmaze/runs/20260713_092001_d64_h2_dep2_bs64_ep80_lr1e-03_lxp0.0_lbt0.0_lcca1.0_sig10.0_s1/outputs/velocity_prediction_100ms_hidden/mlp_loss_curve.csv
Saved metrics: /home/omo26/Non-Rev-Owen/mcmaze/runs/20260713_092001_d64_h2_dep2_bs64_ep80_lr1e-03_lxp0.0_lbt0.0_lcca1.0_sig10.0_s1/outputs/velocity_prediction_100ms_hidden/metrics.csv
Skipping decoder prediction scatter because prediction plots are disabled.
Saved MLP decoder: /home/omo26/Non-Rev-Owen/mcmaze/runs/20260713_092001_d64_h2_dep2_bs64_ep80_lr1e-03_lxp0.0_lbt0.0_lcca1.0_sig10.0_s1/outputs/velocity_prediction_100ms_hidden/mlp_decoder.pt

Validation metrics:
  linear_regression  R2 mean=0.0081  RMSE mean=241.3454  corr x/y=0.104/0.074
  mlp                R2 mean=0.0081  RMSE mean=241.3408  corr x/y=0.104/0.074
