Using run: /home/omo26/Non-Rev-Owen/mcmaze/runs/20260710_090338_d64_h256_dep2_bs64_ep200_lr1e-03_lxp0.0_lbt0.0_lcca1.0_sig10.0_s1
Loaded checkpoint from epoch 20
Loading MC Maze data and computing neural windows...
Trials: train=1721 val=574  window=90 bins
Loading hand velocity and building future targets...
Target: hand_vel +100 ms (10 bins), units=stored NWB values
Valid future samples: 206,550/206,550
Computing frozen embeddings on cpu...
Decoder samples: train=154,890 val=51,660  features=d64
Training linear regression decoder...
Training MLP decoder...
MLP epoch   1/50  train mse(z)=0.4464  val mse(z)=0.2261
MLP epoch   2/50  train mse(z)=0.2013  val mse(z)=0.1836
MLP epoch   3/50  train mse(z)=0.1780  val mse(z)=0.1705
MLP epoch   4/50  train mse(z)=0.1679  val mse(z)=0.1632
MLP epoch   5/50  train mse(z)=0.1611  val mse(z)=0.1577
MLP epoch   6/50  train mse(z)=0.1572  val mse(z)=0.1547
MLP epoch   7/50  train mse(z)=0.1532  val mse(z)=0.1527
MLP epoch   8/50  train mse(z)=0.1507  val mse(z)=0.1504
MLP epoch   9/50  train mse(z)=0.1482  val mse(z)=0.1492
MLP epoch  10/50  train mse(z)=0.1464  val mse(z)=0.1473
MLP epoch  11/50  train mse(z)=0.1441  val mse(z)=0.1461
MLP epoch  12/50  train mse(z)=0.1427  val mse(z)=0.1440
MLP epoch  13/50  train mse(z)=0.1414  val mse(z)=0.1434
MLP epoch  14/50  train mse(z)=0.1401  val mse(z)=0.1427
MLP epoch  15/50  train mse(z)=0.1388  val mse(z)=0.1417
MLP epoch  16/50  train mse(z)=0.1376  val mse(z)=0.1407
MLP epoch  17/50  train mse(z)=0.1365  val mse(z)=0.1402
MLP epoch  18/50  train mse(z)=0.1354  val mse(z)=0.1396
MLP epoch  19/50  train mse(z)=0.1349  val mse(z)=0.1393
MLP epoch  20/50  train mse(z)=0.1337  val mse(z)=0.1381
MLP epoch  21/50  train mse(z)=0.1335  val mse(z)=0.1374
MLP epoch  22/50  train mse(z)=0.1324  val mse(z)=0.1363
MLP epoch  23/50  train mse(z)=0.1315  val mse(z)=0.1357
MLP epoch  24/50  train mse(z)=0.1308  val mse(z)=0.1354
MLP epoch  25/50  train mse(z)=0.1303  val mse(z)=0.1347
MLP epoch  26/50  train mse(z)=0.1298  val mse(z)=0.1351
MLP epoch  27/50  train mse(z)=0.1288  val mse(z)=0.1345
MLP epoch  28/50  train mse(z)=0.1286  val mse(z)=0.1339
MLP epoch  29/50  train mse(z)=0.1277  val mse(z)=0.1327
MLP epoch  30/50  train mse(z)=0.1275  val mse(z)=0.1323
MLP epoch  31/50  train mse(z)=0.1264  val mse(z)=0.1319
MLP epoch  32/50  train mse(z)=0.1263  val mse(z)=0.1321
MLP epoch  33/50  train mse(z)=0.1260  val mse(z)=0.1315
MLP epoch  34/50  train mse(z)=0.1253  val mse(z)=0.1315
MLP epoch  35/50  train mse(z)=0.1248  val mse(z)=0.1313
MLP epoch  36/50  train mse(z)=0.1246  val mse(z)=0.1302
MLP epoch  37/50  train mse(z)=0.1237  val mse(z)=0.1304
MLP epoch  38/50  train mse(z)=0.1241  val mse(z)=0.1298
MLP epoch  39/50  train mse(z)=0.1235  val mse(z)=0.1303
MLP epoch  40/50  train mse(z)=0.1226  val mse(z)=0.1297
MLP epoch  41/50  train mse(z)=0.1228  val mse(z)=0.1294
MLP epoch  42/50  train mse(z)=0.1224  val mse(z)=0.1289
MLP epoch  43/50  train mse(z)=0.1217  val mse(z)=0.1285
MLP epoch  44/50  train mse(z)=0.1215  val mse(z)=0.1285
MLP epoch  45/50  train mse(z)=0.1209  val mse(z)=0.1277
MLP epoch  46/50  train mse(z)=0.1209  val mse(z)=0.1274
MLP epoch  47/50  train mse(z)=0.1204  val mse(z)=0.1277
MLP epoch  48/50  train mse(z)=0.1203  val mse(z)=0.1265
MLP epoch  49/50  train mse(z)=0.1201  val mse(z)=0.1265
MLP epoch  50/50  train mse(z)=0.1195  val mse(z)=0.1266
Saved metrics: /home/omo26/Non-Rev-Owen/mcmaze/runs/20260710_090338_d64_h256_dep2_bs64_ep200_lr1e-03_lxp0.0_lbt0.0_lcca1.0_sig10.0_s1/outputs/velocity_prediction_100ms/metrics.csv
Saved plot: /home/omo26/Non-Rev-Owen/mcmaze/runs/20260710_090338_d64_h256_dep2_bs64_ep200_lr1e-03_lxp0.0_lbt0.0_lcca1.0_sig10.0_s1/outputs/velocity_prediction_100ms/prediction_scatter.png
Saved MLP decoder: /home/omo26/Non-Rev-Owen/mcmaze/runs/20260710_090338_d64_h256_dep2_bs64_ep200_lr1e-03_lxp0.0_lbt0.0_lcca1.0_sig10.0_s1/outputs/velocity_prediction_100ms/mlp_decoder.pt

Validation metrics:
  linear_regression  R2 mean=0.7718  RMSE mean=114.5747  corr x/y=0.904/0.853
  mlp                R2 mean=0.8727  RMSE mean=85.7090  corr x/y=0.946/0.923
