Using run: /home/omo26/Non-Rev-Owen/mcmaze/runs/20260709_113117_d128_h256_dep3_bs64_ep200_lr1e-03_lxp0.0_lbt0.0_lcca1.0_sig10.0_s1
Loaded checkpoint from epoch 188
Loading MC Maze data and computing neural windows...
Trials: train=1721 val=574  window=90 bins
Loading hand velocity and building future targets...
Target: hand_vel +100 ms (10 bins), units=stored NWB values
Valid future samples: 206,550/206,550
Computing frozen embeddings on cuda...
Decoder samples: train=154,890 val=51,660  features=d128
Training linear regression decoder...
Training MLP decoder...
MLP epoch   1/50  train mse(z)=0.6046  val mse(z)=0.5096
MLP epoch   2/50  train mse(z)=0.4365  val mse(z)=0.4864
MLP epoch   3/50  train mse(z)=0.4201  val mse(z)=0.4773
MLP epoch   4/50  train mse(z)=0.4130  val mse(z)=0.4731
MLP epoch   5/50  train mse(z)=0.4083  val mse(z)=0.4698
MLP epoch   6/50  train mse(z)=0.4048  val mse(z)=0.4676
MLP epoch   7/50  train mse(z)=0.4026  val mse(z)=0.4668
MLP epoch   8/50  train mse(z)=0.4010  val mse(z)=0.4664
MLP epoch   9/50  train mse(z)=0.3983  val mse(z)=0.4649
MLP epoch  10/50  train mse(z)=0.3972  val mse(z)=0.4641
MLP epoch  11/50  train mse(z)=0.3966  val mse(z)=0.4636
MLP epoch  12/50  train mse(z)=0.3954  val mse(z)=0.4638
MLP epoch  13/50  train mse(z)=0.3946  val mse(z)=0.4629
MLP epoch  14/50  train mse(z)=0.3940  val mse(z)=0.4628
MLP epoch  15/50  train mse(z)=0.3929  val mse(z)=0.4618
MLP epoch  16/50  train mse(z)=0.3923  val mse(z)=0.4621
MLP epoch  17/50  train mse(z)=0.3921  val mse(z)=0.4620
MLP epoch  18/50  train mse(z)=0.3912  val mse(z)=0.4628
MLP epoch  19/50  train mse(z)=0.3909  val mse(z)=0.4616
MLP epoch  20/50  train mse(z)=0.3905  val mse(z)=0.4614
MLP epoch  21/50  train mse(z)=0.3901  val mse(z)=0.4607
MLP epoch  22/50  train mse(z)=0.3897  val mse(z)=0.4620
MLP epoch  23/50  train mse(z)=0.3888  val mse(z)=0.4611
MLP epoch  24/50  train mse(z)=0.3888  val mse(z)=0.4620
MLP epoch  25/50  train mse(z)=0.3892  val mse(z)=0.4612
MLP epoch  26/50  train mse(z)=0.3882  val mse(z)=0.4607
MLP epoch  27/50  train mse(z)=0.3878  val mse(z)=0.4607
MLP epoch  28/50  train mse(z)=0.3874  val mse(z)=0.4612
MLP epoch  29/50  train mse(z)=0.3876  val mse(z)=0.4606
MLP epoch  30/50  train mse(z)=0.3868  val mse(z)=0.4614
MLP epoch  31/50  train mse(z)=0.3870  val mse(z)=0.4611
MLP epoch  32/50  train mse(z)=0.3866  val mse(z)=0.4607
MLP epoch  33/50  train mse(z)=0.3861  val mse(z)=0.4608
MLP epoch  34/50  train mse(z)=0.3856  val mse(z)=0.4598
MLP epoch  35/50  train mse(z)=0.3854  val mse(z)=0.4602
MLP epoch  36/50  train mse(z)=0.3850  val mse(z)=0.4610
MLP epoch  37/50  train mse(z)=0.3845  val mse(z)=0.4607
MLP epoch  38/50  train mse(z)=0.3844  val mse(z)=0.4598
MLP epoch  39/50  train mse(z)=0.3847  val mse(z)=0.4598
MLP epoch  40/50  train mse(z)=0.3846  val mse(z)=0.4614
MLP epoch  41/50  train mse(z)=0.3842  val mse(z)=0.4602
MLP epoch  42/50  train mse(z)=0.3842  val mse(z)=0.4598
MLP epoch  43/50  train mse(z)=0.3834  val mse(z)=0.4594
MLP epoch  44/50  train mse(z)=0.3838  val mse(z)=0.4593
MLP epoch  45/50  train mse(z)=0.3836  val mse(z)=0.4594
MLP epoch  46/50  train mse(z)=0.3827  val mse(z)=0.4593
MLP epoch  47/50  train mse(z)=0.3831  val mse(z)=0.4602
MLP epoch  48/50  train mse(z)=0.3828  val mse(z)=0.4590
MLP epoch  49/50  train mse(z)=0.3828  val mse(z)=0.4598
MLP epoch  50/50  train mse(z)=0.3818  val mse(z)=0.4594
Saved metrics: /home/omo26/Non-Rev-Owen/mcmaze/runs/20260709_113117_d128_h256_dep3_bs64_ep200_lr1e-03_lxp0.0_lbt0.0_lcca1.0_sig10.0_s1/outputs/velocity_prediction_100ms/metrics.csv
Saved plot: /home/omo26/Non-Rev-Owen/mcmaze/runs/20260709_113117_d128_h256_dep3_bs64_ep200_lr1e-03_lxp0.0_lbt0.0_lcca1.0_sig10.0_s1/outputs/velocity_prediction_100ms/prediction_scatter.png
Saved MLP decoder: /home/omo26/Non-Rev-Owen/mcmaze/runs/20260709_113117_d128_h256_dep3_bs64_ep200_lr1e-03_lxp0.0_lbt0.0_lcca1.0_sig10.0_s1/outputs/velocity_prediction_100ms/mlp_decoder.pt

Validation metrics:
  linear_regression  R2 mean=0.5076  RMSE mean=169.0213  corr x/y=0.752/0.671
  mlp                R2 mean=0.5384  RMSE mean=163.7587  corr x/y=0.767/0.700
